android/android/build/app/intermediates/manifest_merge_blame_file/debug/processDebugMainManifest/manifest-merger-blame-debug-report.txt
1<?xml version="1.0" encoding="utf-8"?>
2<manifest xmlns:android="http://schemas.android.com/apk/res/android"
3    package="com.rivorya.flortya"
4    android:versionCode="8"
5    android:versionName="1.0.0" >
6
7    <uses-sdk
8        android:minSdkVersion="23"
9        android:targetSdkVersion="36" />
10    <!--
11         The INTERNET permission is required for development. Specifically,
12         the Flutter tool needs it to communicate with the running application
13         to allow setting breakpoints, to provide hot reload, etc.
14    -->
15    <uses-permission android:name="android.permission.INTERNET" />
15-->src\main\AndroidManifest.xml:4:5-66
15-->src\main\AndroidManifest.xml:4:22-64
16    <!-- Ağ bağlantısını kontrol etme izni -->
17    <uses-permission android:name="android.permission.ACCESS_NETWORK_STATE" /> <!-- Wifi bağlantısını kontrol etme izni -->
17-->src\main\AndroidManifest.xml:6:5-78
17-->src\main\AndroidManifest.xml:6:22-76
18    <uses-permission android:name="android.permission.ACCESS_WIFI_STATE" /> <!-- Google Play Billing için izin -->
18-->src\main\AndroidManifest.xml:8:5-75
18-->src\main\AndroidManifest.xml:8:22-73
19    <uses-permission android:name="com.android.vending.BILLING" /> <!-- Kamera izni (gerekirse) -->
19-->src\main\AndroidManifest.xml:10:5-67
19-->src\main\AndroidManifest.xml:10:22-64
20    <uses-permission android:name="android.permission.CAMERA" /> <!-- Kamera donanımının gerekli olmadığını belirt -->
20-->src\main\AndroidManifest.xml:12:5-65
20-->src\main\AndroidManifest.xml:12:22-62
21    <uses-feature
21-->src\main\AndroidManifest.xml:14:5-85
22        android:name="android.hardware.camera"
22-->src\main\AndroidManifest.xml:14:19-57
23        android:required="false" />
23-->src\main\AndroidManifest.xml:14:58-82
24
25    <uses-permission android:name="android.permission.READ_MEDIA_IMAGES" />
25-->src\main\AndroidManifest.xml:15:5-75
25-->src\main\AndroidManifest.xml:15:22-73
26    <uses-permission android:name="android.permission.READ_MEDIA_VIDEO" />
26-->src\main\AndroidManifest.xml:16:5-74
26-->src\main\AndroidManifest.xml:16:22-72
27    <uses-permission android:name="android.permission.READ_MEDIA_AUDIO" /> <!-- Bildirimler için izinler -->
27-->src\main\AndroidManifest.xml:17:5-74
27-->src\main\AndroidManifest.xml:17:22-72
28    <uses-permission android:name="android.permission.VIBRATE" />
28-->src\main\AndroidManifest.xml:19:5-66
28-->src\main\AndroidManifest.xml:19:22-63
29    <uses-permission android:name="android.permission.WAKE_LOCK" />
29-->src\main\AndroidManifest.xml:20:5-68
29-->src\main\AndroidManifest.xml:20:22-65
30    <uses-permission android:name="android.permission.RECEIVE_BOOT_COMPLETED" />
30-->src\main\AndroidManifest.xml:21:5-80
30-->src\main\AndroidManifest.xml:21:22-78
31    <uses-permission android:name="android.permission.POST_NOTIFICATIONS" />
31-->src\main\AndroidManifest.xml:22:5-76
31-->src\main\AndroidManifest.xml:22:22-74
32    <!--
33 Required to query activities that can process text, see:
34         https://developer.android.com/training/package-visibility and
35         https://developer.android.com/reference/android/content/Intent#ACTION_PROCESS_TEXT.
36
37         In particular, this is used by the Flutter engine in io.flutter.plugin.text.ProcessTextPlugin.
38    -->
39    <queries>
39-->src\main\AndroidManifest.xml:110:5-117:15
40        <intent>
40-->src\main\AndroidManifest.xml:111:9-114:18
41            <action android:name="android.intent.action.PROCESS_TEXT" />
41-->src\main\AndroidManifest.xml:112:13-72
41-->src\main\AndroidManifest.xml:112:21-70
42
43            <data android:mimeType="text/plain" />
43-->src\main\AndroidManifest.xml:113:13-50
43-->src\main\AndroidManifest.xml:113:19-48
44        </intent>
45        <!-- Google Sign-In için gerekli -->
46        <package android:name="com.google.android.gms" />
46-->src\main\AndroidManifest.xml:116:9-58
46-->src\main\AndroidManifest.xml:116:18-55
47        <!-- For browser content -->
48        <intent>
48-->[com.google.android.gms:play-services-ads-api:24.1.0] AndroidManifest.xml:38:9-44:18
49            <action android:name="android.intent.action.VIEW" />
49-->[com.google.firebase:firebase-auth:23.2.0] AndroidManifest.xml:36:17-69
49-->[com.google.firebase:firebase-auth:23.2.0] AndroidManifest.xml:36:25-66
50
51            <category android:name="android.intent.category.BROWSABLE" />
51-->[com.google.firebase:firebase-auth:23.2.0] AndroidManifest.xml:39:17-78
51-->[com.google.firebase:firebase-auth:23.2.0] AndroidManifest.xml:39:27-75
52
53            <data android:scheme="https" />
53-->src\main\AndroidManifest.xml:113:13-50
54        </intent> <!-- End of browser content -->
55        <!-- For CustomTabsService -->
56        <intent>
56-->[com.google.android.gms:play-services-ads-api:24.1.0] AndroidManifest.xml:47:9-49:18
57            <action android:name="android.support.customtabs.action.CustomTabsService" />
57-->[com.google.android.gms:play-services-ads-api:24.1.0] AndroidManifest.xml:48:13-90
57-->[com.google.android.gms:play-services-ads-api:24.1.0] AndroidManifest.xml:48:21-87
58        </intent> <!-- End of CustomTabsService -->
59        <!-- For MRAID capabilities -->
60        <intent>
60-->[com.google.android.gms:play-services-ads-api:24.1.0] AndroidManifest.xml:52:9-56:18
61            <action android:name="android.intent.action.INSERT" />
61-->[com.google.android.gms:play-services-ads-api:24.1.0] AndroidManifest.xml:53:13-67
61-->[com.google.android.gms:play-services-ads-api:24.1.0] AndroidManifest.xml:53:21-64
62
63            <data android:mimeType="vnd.android.cursor.dir/event" />
63-->src\main\AndroidManifest.xml:113:13-50
63-->src\main\AndroidManifest.xml:113:19-48
64        </intent>
65        <intent>
65-->[com.google.android.gms:play-services-ads-api:24.1.0] AndroidManifest.xml:57:9-61:18
66            <action android:name="android.intent.action.VIEW" />
66-->[com.google.firebase:firebase-auth:23.2.0] AndroidManifest.xml:36:17-69
66-->[com.google.firebase:firebase-auth:23.2.0] AndroidManifest.xml:36:25-66
67
68            <data android:scheme="sms" />
68-->src\main\AndroidManifest.xml:113:13-50
69        </intent>
70        <intent>
70-->[com.google.android.gms:play-services-ads-api:24.1.0] AndroidManifest.xml:62:9-66:18
71            <action android:name="android.intent.action.DIAL" />
71-->[com.google.android.gms:play-services-ads-api:24.1.0] AndroidManifest.xml:63:13-65
71-->[com.google.android.gms:play-services-ads-api:24.1.0] AndroidManifest.xml:63:21-62
72
73            <data android:path="tel:" />
73-->src\main\AndroidManifest.xml:113:13-50
74        </intent>
75        <intent>
75-->[com.android.billingclient:billing:7.1.1] AndroidManifest.xml:13:9-15:18
76            <action android:name="com.android.vending.billing.InAppBillingService.BIND" />
76-->[com.android.billingclient:billing:7.1.1] AndroidManifest.xml:14:13-91
76-->[com.android.billingclient:billing:7.1.1] AndroidManifest.xml:14:21-88
77        </intent>
78        <intent>
78-->[com.android.billingclient:billing:7.1.1] AndroidManifest.xml:16:9-18:18
79            <action android:name="com.google.android.apps.play.billingtestcompanion.BillingOverrideService.BIND" />
79-->[com.android.billingclient:billing:7.1.1] AndroidManifest.xml:17:13-116
79-->[com.android.billingclient:billing:7.1.1] AndroidManifest.xml:17:21-113
80        </intent>
81    </queries> <!-- Mevcut izinler var ise onları koruyoruz -->
82    <!-- file_selector için gerekli ek izinler -->
83    <uses-permission
83-->src\main\AndroidManifest.xml:120:5-121:51
84        android:name="android.permission.READ_EXTERNAL_STORAGE"
84-->src\main\AndroidManifest.xml:120:22-77
85        android:maxSdkVersion="32" /> <!-- Yazma izni - txt dosyaları için önemli -->
85-->src\main\AndroidManifest.xml:121:22-48
86    <uses-permission
86-->src\main\AndroidManifest.xml:124:5-125:51
87        android:name="android.permission.WRITE_EXTERNAL_STORAGE"
87-->src\main\AndroidManifest.xml:124:22-78
88        android:maxSdkVersion="29" /> <!-- Doküman erişimi için -->
88-->src\main\AndroidManifest.xml:125:22-48
89    <uses-permission android:name="android.permission.MANAGE_DOCUMENTS" />
89-->src\main\AndroidManifest.xml:127:5-75
89-->src\main\AndroidManifest.xml:127:22-72
90    <uses-permission android:name="com.google.android.gms.permission.AD_ID" />
90-->[com.google.android.gms:play-services-ads-api:24.1.0] AndroidManifest.xml:26:5-79
90-->[com.google.android.gms:play-services-ads-api:24.1.0] AndroidManifest.xml:26:22-76
91    <uses-permission android:name="android.permission.ACCESS_ADSERVICES_AD_ID" />
91-->[com.google.android.gms:play-services-ads-api:24.1.0] AndroidManifest.xml:27:5-82
91-->[com.google.android.gms:play-services-ads-api:24.1.0] AndroidManifest.xml:27:22-79
92    <uses-permission android:name="android.permission.ACCESS_ADSERVICES_ATTRIBUTION" />
92-->[com.google.android.gms:play-services-ads-api:24.1.0] AndroidManifest.xml:28:5-88
92-->[com.google.android.gms:play-services-ads-api:24.1.0] AndroidManifest.xml:28:22-85
93    <uses-permission android:name="android.permission.ACCESS_ADSERVICES_TOPICS" /> <!-- Required by older versions of Google Play services to create IID tokens -->
93-->[com.google.android.gms:play-services-ads-api:24.1.0] AndroidManifest.xml:29:5-83
93-->[com.google.android.gms:play-services-ads-api:24.1.0] AndroidManifest.xml:29:22-80
94    <uses-permission android:name="com.google.android.c2dm.permission.RECEIVE" />
94-->[com.google.firebase:firebase-messaging:24.1.1] AndroidManifest.xml:26:5-82
94-->[com.google.firebase:firebase-messaging:24.1.1] AndroidManifest.xml:26:22-79
95    <uses-permission android:name="com.google.android.finsky.permission.BIND_GET_INSTALL_REFERRER_SERVICE" />
95-->[com.google.android.gms:play-services-measurement:22.4.0] AndroidManifest.xml:26:5-110
95-->[com.google.android.gms:play-services-measurement:22.4.0] AndroidManifest.xml:26:22-107
96    <uses-permission android:name="com.google.android.providers.gsf.permission.READ_GSERVICES" />
96-->[com.google.android.recaptcha:recaptcha:18.6.1] AndroidManifest.xml:9:5-98
96-->[com.google.android.recaptcha:recaptcha:18.6.1] AndroidManifest.xml:9:22-95
97    <uses-permission android:name="android.permission.FOREGROUND_SERVICE" />
97-->[androidx.work:work-runtime:2.7.0] AndroidManifest.xml:28:5-77
97-->[androidx.work:work-runtime:2.7.0] AndroidManifest.xml:28:22-74
98
99    <permission
99-->[androidx.core:core:1.13.1] AndroidManifest.xml:22:5-24:47
100        android:name="com.rivorya.flortya.DYNAMIC_RECEIVER_NOT_EXPORTED_PERMISSION"
100-->[androidx.core:core:1.13.1] AndroidManifest.xml:23:9-81
101        android:protectionLevel="signature" />
101-->[androidx.core:core:1.13.1] AndroidManifest.xml:24:9-44
102
103    <uses-permission android:name="com.rivorya.flortya.DYNAMIC_RECEIVER_NOT_EXPORTED_PERMISSION" />
103-->[androidx.core:core:1.13.1] AndroidManifest.xml:26:5-97
103-->[androidx.core:core:1.13.1] AndroidManifest.xml:26:22-94
104
105    <application
106        android:name="android.app.Application"
107        android:appComponentFactory="androidx.core.app.CoreComponentFactory"
107-->[androidx.core:core:1.13.1] AndroidManifest.xml:28:18-86
108        android:debuggable="true"
109        android:extractNativeLibs="false"
110        android:icon="@mipmap/launcher_icon"
111        android:label="Flörtya"
112        android:requestLegacyExternalStorage="true"
113        android:usesCleartextTraffic="true" > <!-- HTTP bağlantıları için -->
114
115        <meta-data
116            android:name="com.google.android.gms.client_id"
117            android:value="768992590332-620nsvbsob7gd61kp92nch4bpiq9ljjr.apps.googleusercontent.com" />
118        <meta-data
119            android:name="com.google.android.gms.ads.APPLICATION_ID"
120            android:value="ca-app-pub-3600325889588673~3863681201" />
121
122        <activity
123            android:name="com.rivorya.flortya.MainActivity"
124            android:configChanges="orientation|keyboardHidden|keyboard|screenSize|smallestScreenSize|locale|layoutDirection|fontScale|screenLayout|density|uiMode"
125            android:exported="true"
126            android:hardwareAccelerated="true"
127            android:launchMode="singleTop"
128            android:taskAffinity=""
129            android:theme="@style/LaunchTheme"
130            android:windowSoftInputMode="adjustResize" >
131
132            <!--
133                 Specifies an Android theme to apply to this Activity as soon as
134                 the Android process has started. This theme is visible to the user
135                 while the Flutter UI initializes. After that, this theme continues
136                 to determine the Window background behind the Flutter UI.
137            -->
138            <meta-data
139                android:name="io.flutter.embedding.android.NormalTheme"
140                android:resource="@style/NormalTheme" />
141
142            <intent-filter>
143                <action android:name="android.intent.action.MAIN" />
144
145                <category android:name="android.intent.category.LAUNCHER" />
146            </intent-filter>
147            <!-- Deep linking -->
148            <meta-data
149                android:name="flutter_deeplinking_enabled"
150                android:value="true" />
151
152            <intent-filter android:autoVerify="true" >
153                <action android:name="android.intent.action.VIEW" />
153-->[com.google.firebase:firebase-auth:23.2.0] AndroidManifest.xml:36:17-69
153-->[com.google.firebase:firebase-auth:23.2.0] AndroidManifest.xml:36:25-66
154
155                <category android:name="android.intent.category.DEFAULT" />
155-->[com.google.firebase:firebase-auth:23.2.0] AndroidManifest.xml:38:17-76
155-->[com.google.firebase:firebase-auth:23.2.0] AndroidManifest.xml:38:27-73
156                <category android:name="android.intent.category.BROWSABLE" />
156-->[com.google.firebase:firebase-auth:23.2.0] AndroidManifest.xml:39:17-78
156-->[com.google.firebase:firebase-auth:23.2.0] AndroidManifest.xml:39:27-75
157
158                <data
158-->src\main\AndroidManifest.xml:113:13-50
159                    android:host="flortya.com"
160                    android:scheme="http" />
161                <data android:scheme="https" />
161-->src\main\AndroidManifest.xml:113:13-50
162            </intent-filter>
163        </activity>
164
165        <!-- Firebase için MultiDex desteği -->
166        <meta-data
167            android:name="firebase_performance_logcat_enabled"
168            android:value="true" />
169
170        <!-- FirebaseMessagingService servisi -->
171        <service
172            android:name="io.flutter.plugins.firebase.messaging.FlutterFirebaseMessagingService"
173            android:exported="false" >
174            <intent-filter>
174-->[com.google.firebase:firebase-messaging:24.1.1] AndroidManifest.xml:50:13-52:29
175                <action android:name="com.google.firebase.MESSAGING_EVENT" />
175-->[com.google.firebase:firebase-messaging:24.1.1] AndroidManifest.xml:51:17-78
175-->[com.google.firebase:firebase-messaging:24.1.1] AndroidManifest.xml:51:25-75
176            </intent-filter>
177        </service>
178
179        <!--
180             Don't delete the meta-data below.
181             This is used by the Flutter tool to generate GeneratedPluginRegistrant.java
182        -->
183        <meta-data
184            android:name="flutterEmbedding"
185            android:value="2" />
186
187        <!-- FileProvider konfigurasyonu -->
188        <provider
189            android:name="androidx.core.content.FileProvider"
190            android:authorities="com.rivorya.flortya.file-provider"
191            android:exported="false"
192            android:grantUriPermissions="true" >
193            <meta-data
193-->[:share_plus] AndroidManifest.xml:18:13-20:68
194                android:name="android.support.FILE_PROVIDER_PATHS"
194-->[:share_plus] AndroidManifest.xml:19:17-67
195                android:resource="@xml/file_paths" />
195-->[:share_plus] AndroidManifest.xml:20:17-65
196        </provider>
197        <!--
198           Declares a provider which allows us to store files to share in
199           '.../caches/share_plus' and grant the receiving action access
200        -->
201        <provider
201-->[:share_plus] AndroidManifest.xml:13:9-21:20
202            android:name="dev.fluttercommunity.plus.share.ShareFileProvider"
202-->[:share_plus] AndroidManifest.xml:14:13-77
203            android:authorities="com.rivorya.flortya.flutter.share_provider"
203-->[:share_plus] AndroidManifest.xml:15:13-74
204            android:exported="false"
204-->[:share_plus] AndroidManifest.xml:16:13-37
205            android:grantUriPermissions="true" >
205-->[:share_plus] AndroidManifest.xml:17:13-47
206            <meta-data
206-->[:share_plus] AndroidManifest.xml:18:13-20:68
207                android:name="android.support.FILE_PROVIDER_PATHS"
207-->[:share_plus] AndroidManifest.xml:19:17-67
208                android:resource="@xml/flutter_share_file_paths" />
208-->[:share_plus] AndroidManifest.xml:20:17-65
209        </provider>
210        <!--
211           This manifest declared broadcast receiver allows us to use an explicit
212           Intent when creating a PendingItent to be informed of the user's choice
213        -->
214        <receiver
214-->[:share_plus] AndroidManifest.xml:26:9-32:20
215            android:name="dev.fluttercommunity.plus.share.SharePlusPendingIntent"
215-->[:share_plus] AndroidManifest.xml:27:13-82
216            android:exported="false" >
216-->[:share_plus] AndroidManifest.xml:28:13-37
217            <intent-filter>
217-->[:share_plus] AndroidManifest.xml:29:13-31:29
218                <action android:name="EXTRA_CHOSEN_COMPONENT" />
218-->[:share_plus] AndroidManifest.xml:30:17-65
218-->[:share_plus] AndroidManifest.xml:30:25-62
219            </intent-filter>
220        </receiver>
221
222        <meta-data
222-->[:google_mobile_ads] AndroidManifest.xml:10:9-12:36
223            android:name="io.flutter.embedded_views_preview"
223-->[:google_mobile_ads] AndroidManifest.xml:11:13-61
224            android:value="true" />
224-->[:google_mobile_ads] AndroidManifest.xml:12:13-33
225
226        <service
226-->[:cloud_firestore] AndroidManifest.xml:8:9-12:19
227            android:name="com.google.firebase.components.ComponentDiscoveryService"
227-->[:cloud_firestore] AndroidManifest.xml:8:18-89
228            android:directBootAware="true"
228-->[com.google.firebase:firebase-common:21.0.0] AndroidManifest.xml:32:13-43
229            android:exported="false" >
229-->[com.google.firebase:firebase-auth:23.2.0] AndroidManifest.xml:68:13-37
230            <meta-data
230-->[:cloud_firestore] AndroidManifest.xml:9:13-11:85
231                android:name="com.google.firebase.components:io.flutter.plugins.firebase.firestore.FlutterFirebaseFirestoreRegistrar"
231-->[:cloud_firestore] AndroidManifest.xml:10:17-134
232                android:value="com.google.firebase.components.ComponentRegistrar" />
232-->[:cloud_firestore] AndroidManifest.xml:11:17-82
233            <meta-data
233-->[:firebase_app_check] AndroidManifest.xml:9:13-11:85
234                android:name="com.google.firebase.components:io.flutter.plugins.firebase.appcheck.FlutterFirebaseAppRegistrar"
234-->[:firebase_app_check] AndroidManifest.xml:10:17-127
235                android:value="com.google.firebase.components.ComponentRegistrar" />
235-->[:firebase_app_check] AndroidManifest.xml:11:17-82
236            <meta-data
236-->[:firebase_auth] AndroidManifest.xml:9:13-11:85
237                android:name="com.google.firebase.components:io.flutter.plugins.firebase.auth.FlutterFirebaseAuthRegistrar"
237-->[:firebase_auth] AndroidManifest.xml:10:17-124
238                android:value="com.google.firebase.components.ComponentRegistrar" />
238-->[:firebase_auth] AndroidManifest.xml:11:17-82
239            <meta-data
239-->[:firebase_messaging] AndroidManifest.xml:36:13-38:85
240                android:name="com.google.firebase.components:io.flutter.plugins.firebase.messaging.FlutterFirebaseAppRegistrar"
240-->[:firebase_messaging] AndroidManifest.xml:37:17-128
241                android:value="com.google.firebase.components.ComponentRegistrar" />
241-->[:firebase_messaging] AndroidManifest.xml:38:17-82
242            <meta-data
242-->[:firebase_remote_config] AndroidManifest.xml:9:13-11:85
243                android:name="com.google.firebase.components:io.flutter.plugins.firebase.firebaseremoteconfig.FlutterFirebaseAppRegistrar"
243-->[:firebase_remote_config] AndroidManifest.xml:10:17-139
244                android:value="com.google.firebase.components.ComponentRegistrar" />
244-->[:firebase_remote_config] AndroidManifest.xml:11:17-82
245            <meta-data
245-->[:firebase_storage] AndroidManifest.xml:9:13-11:85
246                android:name="com.google.firebase.components:io.flutter.plugins.firebase.storage.FlutterFirebaseAppRegistrar"
246-->[:firebase_storage] AndroidManifest.xml:10:17-126
247                android:value="com.google.firebase.components.ComponentRegistrar" />
247-->[:firebase_storage] AndroidManifest.xml:11:17-82
248            <meta-data
248-->[:firebase_core] AndroidManifest.xml:9:13-11:85
249                android:name="com.google.firebase.components:io.flutter.plugins.firebase.core.FlutterFirebaseCoreRegistrar"
249-->[:firebase_core] AndroidManifest.xml:10:17-124
250                android:value="com.google.firebase.components.ComponentRegistrar" />
250-->[:firebase_core] AndroidManifest.xml:11:17-82
251            <meta-data
251-->[com.google.firebase:firebase-auth:23.2.0] AndroidManifest.xml:69:13-71:85
252                android:name="com.google.firebase.components:com.google.firebase.auth.FirebaseAuthRegistrar"
252-->[com.google.firebase:firebase-auth:23.2.0] AndroidManifest.xml:70:17-109
253                android:value="com.google.firebase.components.ComponentRegistrar" />
253-->[com.google.firebase:firebase-auth:23.2.0] AndroidManifest.xml:71:17-82
254            <meta-data
254-->[com.google.firebase:firebase-firestore:25.1.3] AndroidManifest.xml:17:13-19:85
255                android:name="com.google.firebase.components:com.google.firebase.firestore.FirebaseFirestoreKtxRegistrar"
255-->[com.google.firebase:firebase-firestore:25.1.3] AndroidManifest.xml:18:17-122
256                android:value="com.google.firebase.components.ComponentRegistrar" />
256-->[com.google.firebase:firebase-firestore:25.1.3] AndroidManifest.xml:19:17-82
257            <meta-data
257-->[com.google.firebase:firebase-firestore:25.1.3] AndroidManifest.xml:20:13-22:85
258                android:name="com.google.firebase.components:com.google.firebase.firestore.FirestoreRegistrar"
258-->[com.google.firebase:firebase-firestore:25.1.3] AndroidManifest.xml:21:17-111
259                android:value="com.google.firebase.components.ComponentRegistrar" />
259-->[com.google.firebase:firebase-firestore:25.1.3] AndroidManifest.xml:22:17-82
260            <meta-data
260-->[com.google.firebase:firebase-appcheck-safetynet:16.1.2] AndroidManifest.xml:27:13-29:85
261                android:name="com.google.firebase.components:com.google.firebase.appcheck.safetynet.FirebaseAppCheckSafetyNetRegistrar"
261-->[com.google.firebase:firebase-appcheck-safetynet:16.1.2] AndroidManifest.xml:28:17-136
262                android:value="com.google.firebase.components.ComponentRegistrar" />
262-->[com.google.firebase:firebase-appcheck-safetynet:16.1.2] AndroidManifest.xml:29:17-82
263            <meta-data
263-->[com.google.firebase:firebase-appcheck-debug:18.0.0] AndroidManifest.xml:25:13-27:85
264                android:name="com.google.firebase.components:com.google.firebase.appcheck.debug.FirebaseAppCheckDebugRegistrar"
264-->[com.google.firebase:firebase-appcheck-debug:18.0.0] AndroidManifest.xml:26:17-128
265                android:value="com.google.firebase.components.ComponentRegistrar" />
265-->[com.google.firebase:firebase-appcheck-debug:18.0.0] AndroidManifest.xml:27:17-82
266            <meta-data
266-->[com.google.firebase:firebase-appcheck-playintegrity:18.0.0] AndroidManifest.xml:25:13-27:85
267                android:name="com.google.firebase.components:com.google.firebase.appcheck.playintegrity.FirebaseAppCheckPlayIntegrityRegistrar"
267-->[com.google.firebase:firebase-appcheck-playintegrity:18.0.0] AndroidManifest.xml:26:17-144
268                android:value="com.google.firebase.components.ComponentRegistrar" />
268-->[com.google.firebase:firebase-appcheck-playintegrity:18.0.0] AndroidManifest.xml:27:17-82
269            <meta-data
269-->[com.google.firebase:firebase-storage:21.0.1] AndroidManifest.xml:30:13-32:85
270                android:name="com.google.firebase.components:com.google.firebase.storage.FirebaseStorageKtxRegistrar"
270-->[com.google.firebase:firebase-storage:21.0.1] AndroidManifest.xml:31:17-118
271                android:value="com.google.firebase.components.ComponentRegistrar" />
271-->[com.google.firebase:firebase-storage:21.0.1] AndroidManifest.xml:32:17-82
272            <meta-data
272-->[com.google.firebase:firebase-storage:21.0.1] AndroidManifest.xml:33:13-35:85
273                android:name="com.google.firebase.components:com.google.firebase.storage.StorageRegistrar"
273-->[com.google.firebase:firebase-storage:21.0.1] AndroidManifest.xml:34:17-107
274                android:value="com.google.firebase.components.ComponentRegistrar" />
274-->[com.google.firebase:firebase-storage:21.0.1] AndroidManifest.xml:35:17-82
275            <meta-data
275-->[com.google.firebase:firebase-appcheck:18.0.0] AndroidManifest.xml:25:13-27:85
276                android:name="com.google.firebase.components:com.google.firebase.appcheck.FirebaseAppCheckKtxRegistrar"
276-->[com.google.firebase:firebase-appcheck:18.0.0] AndroidManifest.xml:26:17-120
277                android:value="com.google.firebase.components.ComponentRegistrar" />
277-->[com.google.firebase:firebase-appcheck:18.0.0] AndroidManifest.xml:27:17-82
278            <meta-data
278-->[com.google.firebase:firebase-appcheck:18.0.0] AndroidManifest.xml:28:13-30:85
279                android:name="com.google.firebase.components:com.google.firebase.appcheck.FirebaseAppCheckRegistrar"
279-->[com.google.firebase:firebase-appcheck:18.0.0] AndroidManifest.xml:29:17-117
280                android:value="com.google.firebase.components.ComponentRegistrar" />
280-->[com.google.firebase:firebase-appcheck:18.0.0] AndroidManifest.xml:30:17-82
281            <meta-data
281-->[com.google.firebase:firebase-messaging:24.1.1] AndroidManifest.xml:57:13-59:85
282                android:name="com.google.firebase.components:com.google.firebase.messaging.FirebaseMessagingKtxRegistrar"
282-->[com.google.firebase:firebase-messaging:24.1.1] AndroidManifest.xml:58:17-122
283                android:value="com.google.firebase.components.ComponentRegistrar" />
283-->[com.google.firebase:firebase-messaging:24.1.1] AndroidManifest.xml:59:17-82
284            <meta-data
284-->[com.google.firebase:firebase-messaging:24.1.1] AndroidManifest.xml:60:13-62:85
285                android:name="com.google.firebase.components:com.google.firebase.messaging.FirebaseMessagingRegistrar"
285-->[com.google.firebase:firebase-messaging:24.1.1] AndroidManifest.xml:61:17-119
286                android:value="com.google.firebase.components.ComponentRegistrar" />
286-->[com.google.firebase:firebase-messaging:24.1.1] AndroidManifest.xml:62:17-82
287            <meta-data
287-->[com.google.android.gms:play-services-measurement-api:22.4.0] AndroidManifest.xml:33:13-35:85
288                android:name="com.google.firebase.components:com.google.firebase.analytics.connector.internal.AnalyticsConnectorRegistrar"
288-->[com.google.android.gms:play-services-measurement-api:22.4.0] AndroidManifest.xml:34:17-139
289                android:value="com.google.firebase.components.ComponentRegistrar" />
289-->[com.google.android.gms:play-services-measurement-api:22.4.0] AndroidManifest.xml:35:17-82
290            <meta-data
290-->[com.google.firebase:firebase-config:22.1.0] AndroidManifest.xml:29:13-31:85
291                android:name="com.google.firebase.components:com.google.firebase.remoteconfig.FirebaseRemoteConfigKtxRegistrar"
291-->[com.google.firebase:firebase-config:22.1.0] AndroidManifest.xml:30:17-128
292                android:value="com.google.firebase.components.ComponentRegistrar" />
292-->[com.google.firebase:firebase-config:22.1.0] AndroidManifest.xml:31:17-82
293            <meta-data
293-->[com.google.firebase:firebase-config:22.1.0] AndroidManifest.xml:32:13-34:85
294                android:name="com.google.firebase.components:com.google.firebase.remoteconfig.RemoteConfigRegistrar"
294-->[com.google.firebase:firebase-config:22.1.0] AndroidManifest.xml:33:17-117
295                android:value="com.google.firebase.components.ComponentRegistrar" />
295-->[com.google.firebase:firebase-config:22.1.0] AndroidManifest.xml:34:17-82
296            <meta-data
296-->[com.google.firebase:firebase-installations:18.0.0] AndroidManifest.xml:15:13-17:85
297                android:name="com.google.firebase.components:com.google.firebase.installations.FirebaseInstallationsKtxRegistrar"
297-->[com.google.firebase:firebase-installations:18.0.0] AndroidManifest.xml:16:17-130
298                android:value="com.google.firebase.components.ComponentRegistrar" />
298-->[com.google.firebase:firebase-installations:18.0.0] AndroidManifest.xml:17:17-82
299            <meta-data
299-->[com.google.firebase:firebase-installations:18.0.0] AndroidManifest.xml:18:13-20:85
300                android:name="com.google.firebase.components:com.google.firebase.installations.FirebaseInstallationsRegistrar"